<?xml version="1.0" encoding="UTF-8"?>
<!-- Generated by org.testng.reporters.JUnitReportReporter -->
<testsuite hostname="Omar-PC" failures="0" tests="3" name="com.amplience.AmplienceAPITest" time="3.781" errors="0" timestamp="2023-03-29T22:32:30 BST" skipped="0">
  <testcase classname="com.amplience.AmplienceAPITest" name="IteratingHeaders" time="1.558"/>
  <system-out/>
  <testcase classname="com.amplience.AmplienceAPITest" name="ValidateBookHeaders" time="1.055"/>
  <system-out/>
  <testcase classname="com.amplience.AmplienceAPITest" name="GetBooksDetails" time="1.168"/>
  <system-out/>
</testsuite> <!-- com.amplience.AmplienceAPITest -->
