<?xml version="1.0" encoding="UTF-8"?>
<!-- Generated by org.testng.reporters.JUnitReportReporter -->
<testsuite hostname="Omar-PC" failures="0" tests="1" name="com.amplience.AppTest" time="0.000" errors="0" timestamp="2023-03-29T22:32:30 BST" skipped="0">
  <testcase classname="com.amplience.AppTest" name="shouldAnswerWithTrue" time="0.000"/>
  <system-out/>
</testsuite> <!-- com.amplience.AppTest -->
